<?xml version="1.0" encoding="UTF-8"?>
<!-- Generated by org.testng.reporters.JUnitReportReporter -->
<testsuite hostname="Uris-MacBook-Pro.local" failures="0" tests="1" name="urix.MyStore.AppTest" time="2.315" errors="0" timestamp="2021-02-23T05:12:13 IST" skipped="0">
  <testcase classname="urix.MyStore.AppTest" name="shouldAnswerWithTrue" time="2.315"/>
  <system-out/>
</testsuite> <!-- urix.MyStore.AppTest -->
