<?xml version="1.0" encoding="UTF-8"?>
<!-- Generated by org.testng.reporters.JUnitReportReporter -->
<testsuite hostname="Uris-MacBook-Pro.local" failures="0" tests="1" name="urix.MyStore.tests.CartTest" time="15.682" errors="0" timestamp="2021-04-05T02:28:09 IDT" skipped="0">
  <testcase classname="urix.MyStore.tests.CartTest" name="checkOutTest" time="15.682"/>
  <system-out/>
</testsuite> <!-- urix.MyStore.tests.CartTest -->
